<?xml version="1.0" encoding="UTF-8"?>
<!-- Generated by org.testng.reporters.JUnitReportReporter -->
<testsuite skipped="0" hostname="LAPTOP-0UFO5ORC" name="testNG.Popup" tests="1" failures="0" timestamp="02 Jun 2019 03:30:01 GMT" time="12.182" errors="0">
  <testcase name="popup" time="12.182" classname="testNG.Popup"/>
</testsuite> <!-- testNG.Popup -->
