<?xml version="1.0" encoding="UTF-8"?>
<!-- Generated by org.testng.reporters.JUnitReportReporter -->
<testsuite hostname="LAPTOP-0UFO5ORC" name="user_Story_101.varify_page_title" tests="1" failures="0" timestamp="16 Sep 2019 14:26:37 GMT" time="3.518" errors="0">
  <testcase name="f" time="3.518" classname="user_Story_101.varify_page_title"/>
</testsuite> <!-- user_Story_101.varify_page_title -->
