<?xml version="1.0" encoding="UTF-8"?>
<!-- Generated by org.testng.reporters.JUnitReportReporter -->
<testsuite skipped="1" hostname="LAPTOP-0UFO5ORC" name="testNG.Comwebdemo" tests="1" failures="0" timestamp="28 Feb 2019 02:45:22 GMT" time="0.000" errors="0">
  <testcase name="method2" time="0.000" classname="testNG.Comwebdemo">
    <skipped/>
  </testcase> <!-- method2 -->
</testsuite> <!-- testNG.Comwebdemo -->
