<?xml version="1.0" encoding="UTF-8"?>
<!-- Generated by org.testng.reporters.JUnitReportReporter -->
<testsuite hostname="LAPTOP-0UFO5ORC" name="testNG.annotation$NewTest" tests="1" failures="0" timestamp="29 Jul 2019 15:13:45 GMT" time="0.017" errors="0">
  <testcase name="f" time="0.017" classname="testNG.annotation$NewTest"/>
</testsuite> <!-- testNG.annotation$NewTest -->
