<?xml version="1.0" encoding="UTF-8"?>
<!-- Generated by org.testng.reporters.JUnitReportReporter -->
<testsuite hostname="LAPTOP-0UFO5ORC" name="user_Story_102.Login_Functionality" tests="1" failures="0" timestamp="16 Sep 2019 20:55:10 GMT" time="15.723" errors="0">
  <testcase name="f" time="15.723" classname="user_Story_102.Login_Functionality"/>
</testsuite> <!-- user_Story_102.Login_Functionality -->
