<?xml version="1.0" encoding="UTF-8"?>
<!-- Generated by org.testng.reporters.JUnitReportReporter -->
<testsuite hostname="LAPTOP-0UFO5ORC" name="ST_001.Amazon_Multi_Function" tests="1" failures="0" timestamp="23 Mar 2020 17:44:16 GMT" time="0.224" errors="0">
  <testcase name="homepage" time="0.224" classname="ST_001.Amazon_Multi_Function"/>
</testsuite> <!-- ST_001.Amazon_Multi_Function -->
