<?xml version="1.0" encoding="UTF-8"?>
<!-- Generated by org.testng.reporters.JUnitReportReporter -->
<testsuite hostname="LAPTOP-0UFO5ORC" name="ST_001.tc_001" tests="1" failures="0" timestamp="23 Mar 2020 21:01:54 GMT" time="0.019" errors="0">
  <testcase name="homepage" time="0.019" classname="ST_001.tc_001"/>
</testsuite> <!-- ST_001.tc_001 -->
