<?xml version="1.0" encoding="UTF-8"?>
<!-- Generated by org.testng.reporters.JUnitReportReporter -->
<testsuite hostname="LAPTOP-0UFO5ORC" name="TC001_GET_Request" tests="1" failures="0" timestamp="22 Mar 2020 20:42:20 GMT" time="3.551" errors="0">
  <testcase name="request1" time="3.551" classname="TC001_GET_Request"/>
</testsuite> <!-- TC001_GET_Request -->
