<?xml version="1.0" encoding="UTF-8"?>
<!-- Generated by org.testng.reporters.JUnitReportReporter -->
<testsuite hostname="LAPTOP-0UFO5ORC" name="com.crm.qa.testcases.HomePageTesst" tests="5" failures="0" timestamp="26 Apr 2020 20:10:13 GMT" time="107.159" errors="0">
  <testcase name="verifywatchLinkTest" time="22.330" classname="com.crm.qa.testcases.HomePageTesst"/>
  <testcase name="verifymarketplaceLinkTest" time="23.285" classname="com.crm.qa.testcases.HomePageTesst"/>
  <testcase name="verifyMessengerLinkTest" time="21.295" classname="com.crm.qa.testcases.HomePageTesst"/>
  <testcase name="verifyUserNameTest" time="23.136" classname="com.crm.qa.testcases.HomePageTesst"/>
  <testcase name="verifyHomePageTitleTest" time="17.113" classname="com.crm.qa.testcases.HomePageTesst"/>
</testsuite> <!-- com.crm.qa.testcases.HomePageTesst -->
