<?xml version="1.0" encoding="UTF-8"?>
<!-- Generated by org.testng.reporters.JUnitReportReporter -->
<testsuite hostname="LAPTOP-0UFO5ORC" name="com.crm.qa.testcases.LoginPageTest" tests="3" failures="0" timestamp="24 Apr 2020 22:15:37 GMT" time="63.837" errors="0">
  <testcase name="loginPageTitleTest" time="16.942" classname="com.crm.qa.testcases.LoginPageTest"/>
  <testcase name="loginTest" time="23.365" classname="com.crm.qa.testcases.LoginPageTest"/>
  <testcase name="crmLogoImageTest" time="23.530" classname="com.crm.qa.testcases.LoginPageTest"/>
</testsuite> <!-- com.crm.qa.testcases.LoginPageTest -->
