<?xml version="1.0" encoding="UTF-8"?>
<!-- Generated by org.testng.reporters.JUnitReportReporter -->
<testsuite hostname="LAPTOP-0UFO5ORC" name="com.crm.qa.testcases.LoginPageTest" tests="3" failures="0" timestamp="26 Apr 2020 20:10:13 GMT" time="63.161" errors="0">
  <testcase name="loginPageTitleTest" time="27.938" classname="com.crm.qa.testcases.LoginPageTest"/>
  <testcase name="crmLogoImageTest" time="16.559" classname="com.crm.qa.testcases.LoginPageTest"/>
  <testcase name="loginTest" time="18.664" classname="com.crm.qa.testcases.LoginPageTest"/>
</testsuite> <!-- com.crm.qa.testcases.LoginPageTest -->
