<?xml version="1.0" encoding="UTF-8"?>
<!-- Generated by org.testng.reporters.JUnitReportReporter -->
<testsuite hostname="LAPTOP-0UFO5ORC" name="selenium4Feature.selenium4feature" tests="1" failures="0" timestamp="3 May 2020 19:05:30 GMT" time="13.436" errors="0">
  <testcase name="location" time="13.436" classname="selenium4Feature.selenium4feature"/>
</testsuite> <!-- selenium4Feature.selenium4feature -->
