<?xml version="1.0" encoding="UTF-8"?>
<!-- Generated by org.testng.reporters.JUnitReportReporter -->
<testsuite hostname="LAPTOP-0UFO5ORC" name="abc.TestNaukri" tests="1" failures="0" timestamp="4 Apr 2020 18:50:43 GMT" time="22.391" errors="0">
  <testcase name="TestPopUp" time="22.391" classname="abc.TestNaukri"/>
</testsuite> <!-- abc.TestNaukri -->
