<?xml version="1.0" encoding="UTF-8"?>
<!-- Generated by org.testng.reporters.JUnitReportReporter -->
<testsuite hostname="LAPTOP-0UFO5ORC" name="droppable.droppable" tests="1" failures="0" timestamp="4 Apr 2020 17:41:23 GMT" time="21.034" errors="0">
  <testcase name="DragnDrop" time="21.034" classname="droppable.droppable"/>
</testsuite> <!-- droppable.droppable -->
