<?xml version="1.0" encoding="UTF-8"?>
<!-- Generated by org.testng.reporters.JUnitReportReporter -->
<testsuite hostname="LAPTOP-0UFO5ORC" name="tab.manage_tab" tests="1" failures="0" timestamp="6 Apr 2020 19:16:02 GMT" time="0.922" errors="0">
  <testcase name="tab" time="0.922" classname="tab.manage_tab"/>
</testsuite> <!-- tab.manage_tab -->
