<?xml version="1.0" encoding="UTF-8"?>
<!-- Generated by org.testng.reporters.JUnitReportReporter -->
<testsuite hostname="LAPTOP-0UFO5ORC" name="selectable.selectable" tests="1" failures="0" timestamp="10 Apr 2020 19:00:33 GMT" time="9.225" errors="0">
  <testcase name="Selectable" time="9.225" classname="selectable.selectable"/>
</testsuite> <!-- selectable.selectable -->
