<?xml version="1.0" encoding="UTF-8"?>
<!-- Generated by org.testng.reporters.JUnitReportReporter -->
<testsuite hostname="LAPTOP-0UFO5ORC" name="Upload.uploadtestNG" tests="1" failures="0" timestamp="10 Apr 2020 19:31:05 GMT" time="59.614" errors="0">
  <testcase name="f" time="59.614" classname="Upload.uploadtestNG"/>
</testsuite> <!-- Upload.uploadtestNG -->
