<?xml version="1.0" encoding="UTF-8"?>
<!-- Generated by org.testng.reporters.JUnitReportReporter -->
<testsuite hostname="LAPTOP-0UFO5ORC" name="slider.Slider" tests="1" failures="0" timestamp="10 Apr 2020 19:35:43 GMT" time="28.415" errors="0">
  <testcase name="slider" time="28.415" classname="slider.Slider"/>
</testsuite> <!-- slider.Slider -->
