<?xml version="1.0" encoding="UTF-8"?>
<!-- Generated by org.testng.reporters.JUnitReportReporter -->
<testsuite hostname="LAPTOP-0UFO5ORC" name="milti_winndows_Handle.managemultiwindows" tests="1" failures="0" timestamp="15 Apr 2020 19:59:02 GMT" time="6.070" errors="0">
  <testcase name="testPageTitle" time="6.070" classname="milti_winndows_Handle.managemultiwindows"/>
</testsuite> <!-- milti_winndows_Handle.managemultiwindows -->
