<?xml version="1.0" encoding="UTF-8"?>
<!-- Generated by org.testng.reporters.JUnitReportReporter -->
<testsuite hostname="LAPTOP-0UFO5ORC" name="html_contact_form.html_contect_form" tests="1" failures="0" timestamp="5 Apr 2020 18:58:34 GMT" time="29.471" errors="0">
  <testcase name="f" time="29.471" classname="html_contact_form.html_contect_form"/>
</testsuite> <!-- html_contact_form.html_contect_form -->
