<?xml version="1.0" encoding="UTF-8"?>
<!-- Generated by org.testng.reporters.JUnitReportReporter -->
<testsuite skipped="0" hostname="LAPTOP-0UFO5ORC" name="testNG.FB_Register" tests="1" failures="0" timestamp="31 Mar 2019 22:26:47 GMT" time="8.799" errors="0">
  <testcase name="f" time="8.799" classname="testNG.FB_Register"/>
</testsuite> <!-- testNG.FB_Register -->
