<?xml version="1.0" encoding="UTF-8"?>
<!-- Generated by org.testng.reporters.JUnitReportReporter -->
<testsuite hostname="LAPTOP-0UFO5ORC" name="milti_winndows_Handle.multi_Window_handle" tests="1" failures="0" timestamp="11 Apr 2020 18:54:10 GMT" time="9.342" errors="0">
  <testcase name="multi_windows_handle" time="9.342" classname="milti_winndows_Handle.multi_Window_handle"/>
</testsuite> <!-- milti_winndows_Handle.multi_Window_handle -->
