<?xml version="1.0" encoding="UTF-8"?>
<!-- Generated by org.testng.reporters.JUnitReportReporter -->
<testsuite hostname="LAPTOP-0UFO5ORC" name="datepicker.date_picker" tests="1" failures="0" timestamp="7 Apr 2020 20:10:00 GMT" time="28.387" errors="0">
  <testcase name="dialogbox" time="28.387" classname="datepicker.date_picker"/>
</testsuite> <!-- datepicker.date_picker -->
