<?xml version="1.0" encoding="UTF-8"?>
<!-- Generated by org.testng.reporters.JUnitReportReporter -->
<testsuite hostname="LAPTOP-0UFO5ORC" name="seleniumeasy.com.inputform_simple_form_demo" tests="1" failures="0" timestamp="13 Apr 2020 17:32:46 GMT" time="13.734" errors="0">
  <testcase name="simple_form_demo" time="13.734" classname="seleniumeasy.com.inputform_simple_form_demo"/>
</testsuite> <!-- seleniumeasy.com.inputform_simple_form_demo -->
