<?xml version="1.0" encoding="UTF-8"?>
<!-- Generated by org.testng.reporters.JUnitReportReporter -->
<testsuite hostname="LAPTOP-0UFO5ORC" name="AdvancedWebdriver.PageScroll" tests="1" failures="0" timestamp="2 Apr 2020 18:36:45 GMT" time="3.032" errors="0">
  <testcase name="f" time="3.032" classname="AdvancedWebdriver.PageScroll"/>
</testsuite> <!-- AdvancedWebdriver.PageScroll -->
