<?xml version="1.0" encoding="UTF-8"?>
<!-- Generated by org.testng.reporters.JUnitReportReporter -->
<testsuite hostname="LAPTOP-0UFO5ORC" name="manu_submanu.manu_submanu" tests="1" failures="0" timestamp="6 Apr 2020 21:09:59 GMT" time="28.777" errors="0">
  <testcase name="slider" time="28.777" classname="manu_submanu.manu_submanu"/>
</testsuite> <!-- manu_submanu.manu_submanu -->
