<?xml version="1.0" encoding="UTF-8"?>
<!-- Generated by org.testng.reporters.JUnitReportReporter -->
<testsuite hostname="LAPTOP-0UFO5ORC" name="checkboxradio.checkbox_radio" tests="1" failures="0" timestamp="7 Apr 2020 16:17:46 GMT" time="29.245" errors="0">
  <testcase name="checkbox" time="29.245" classname="checkboxradio.checkbox_radio"/>
</testsuite> <!-- checkboxradio.checkbox_radio -->
