<?xml version="1.0" encoding="UTF-8"?>
<!-- Generated by org.testng.reporters.JUnitReportReporter -->
<testsuite hostname="LAPTOP-0UFO5ORC" name="ddfw.OutputStream" tests="1" failures="0" timestamp="3 Apr 2020 18:33:41 GMT" time="19.371" errors="0">
  <testcase name="outputstream" time="19.371" classname="ddfw.OutputStream"/>
</testsuite> <!-- ddfw.OutputStream -->
