<?xml version="1.0" encoding="UTF-8"?>
<!-- Generated by org.testng.reporters.JUnitReportReporter -->
<testsuite hostname="LAPTOP-0UFO5ORC" name="AdvancedWebdriver.AjaxControl" tests="1" failures="0" timestamp="2 Apr 2020 18:19:29 GMT" time="5.396" errors="0">
  <testcase name="f" time="5.396" classname="AdvancedWebdriver.AjaxControl"/>
</testsuite> <!-- AdvancedWebdriver.AjaxControl -->
