<?xml version="1.0" encoding="UTF-8"?>
<!-- Generated by org.testng.reporters.JUnitReportReporter -->
<testsuite hostname="LAPTOP-0UFO5ORC" name="jquery.jquery" tests="1" failures="0" timestamp="17 Apr 2020 00:41:49 GMT" time="8.815" errors="0">
  <testcase name="f" time="8.815" classname="jquery.jquery"/>
</testsuite> <!-- jquery.jquery -->
