<?xml version="1.0" encoding="UTF-8"?>
<!-- Generated by org.testng.reporters.JUnitReportReporter -->
<testsuite hostname="LAPTOP-0UFO5ORC" name="automation_practice_form.automation_practiceform" tests="1" failures="0" timestamp="5 Apr 2020 17:00:09 GMT" time="14.992" errors="0">
  <testcase name="fillform" time="14.992" classname="automation_practice_form.automation_practiceform"/>
</testsuite> <!-- automation_practice_form.automation_practiceform -->
