<?xml version="1.0" encoding="UTF-8"?>
<!-- Generated by org.testng.reporters.JUnitReportReporter -->
<testsuite hostname="LAPTOP-0UFO5ORC" name="prectice.TestNG_Anotation_Stucher" tests="3" failures="0" timestamp="8 Apr 2020 19:42:41 GMT" time="106.909" errors="0">
  <testcase name="f3" time="32.038" classname="prectice.TestNG_Anotation_Stucher"/>
  <testcase name="f1" time="41.946" classname="prectice.TestNG_Anotation_Stucher"/>
  <testcase name="f2" time="32.925" classname="prectice.TestNG_Anotation_Stucher"/>
</testsuite> <!-- prectice.TestNG_Anotation_Stucher -->
