<?xml version="1.0" encoding="UTF-8"?>
<!-- Generated by org.testng.reporters.JUnitReportReporter -->
<testsuite skipped="0" hostname="LAPTOP-0UFO5ORC" name="testNG.anotaton" tests="2" failures="0" timestamp="28 May 2019 22:31:15 GMT" time="0.047" errors="0">
  <testcase name="Test2" time="0.031" classname="testNG.anotaton"/>
  <testcase name="Test1" time="0.016" classname="testNG.anotaton"/>
</testsuite> <!-- testNG.anotaton -->
