<?xml version="1.0" encoding="UTF-8"?>
<!-- Generated by org.testng.reporters.JUnitReportReporter -->
<testsuite hostname="LAPTOP-0UFO5ORC" name="allmix.annotation$NewTest" tests="1" failures="0" timestamp="12 Apr 2020 20:19:35 GMT" time="0.000" errors="0">
  <testcase name="f" time="0.000" classname="allmix.annotation$NewTest"/>
</testsuite> <!-- allmix.annotation$NewTest -->
