<?xml version="1.0" encoding="UTF-8"?>
<!-- Generated by org.testng.reporters.JUnitReportReporter -->
<testsuite hostname="LAPTOP-0UFO5ORC" name="ifram.ifram_handle" tests="2" failures="0" timestamp="5 Apr 2020 18:35:25 GMT" time="21.922" errors="0">
  <testcase name="iframe1" time="12.890" classname="ifram.ifram_handle"/>
  <testcase name="iframe2" time="9.032" classname="ifram.ifram_handle"/>
</testsuite> <!-- ifram.ifram_handle -->
