<?xml version="1.0" encoding="UTF-8"?>
<!-- Generated by org.testng.reporters.JUnitReportReporter -->
<testsuite hostname="LAPTOP-0UFO5ORC" name="controlgroup.control_group" tests="1" failures="0" timestamp="7 Apr 2020 19:54:13 GMT" time="33.365" errors="0">
  <testcase name="dialogbox" time="33.365" classname="controlgroup.control_group"/>
</testsuite> <!-- controlgroup.control_group -->
