<?xml version="1.0" encoding="UTF-8"?>
<!-- Generated by org.testng.reporters.JUnitReportReporter -->
<testsuite hostname="LAPTOP-0UFO5ORC" name="dialogbox.dilog_box" tests="1" failures="0" timestamp="10 Apr 2020 19:10:26 GMT" time="51.259" errors="0">
  <testcase name="dialogbox" time="51.259" classname="dialogbox.dilog_box"/>
</testsuite> <!-- dialogbox.dilog_box -->
