<?xml version="1.0" encoding="UTF-8"?>
<!-- Generated by org.testng.reporters.JUnitReportReporter -->
<testsuite hostname="LAPTOP-0UFO5ORC" name="spinner.spinner" tests="1" failures="0" timestamp="10 Apr 2020 19:34:39 GMT" time="6.890" errors="0">
  <testcase name="f" time="6.890" classname="spinner.spinner"/>
</testsuite> <!-- spinner.spinner -->
