<?xml version="1.0" encoding="UTF-8"?>
<!-- Generated by org.testng.reporters.JUnitReportReporter -->
<testsuite hostname="LAPTOP-0UFO5ORC" name="keybord_event.NewTest" tests="1" failures="0" timestamp="5 Apr 2020 19:26:18 GMT" time="29.083" errors="0">
  <testcase name="keybord_event" time="29.083" classname="keybord_event.NewTest"/>
</testsuite> <!-- keybord_event.NewTest -->
