<?xml version="1.0" encoding="UTF-8"?>
<!-- Generated by org.testng.reporters.JUnitReportReporter -->
<testsuite hostname="LAPTOP-0UFO5ORC" name="practiceSwitchWindows.Switch_Windows" tests="1" failures="0" timestamp="5 Apr 2020 21:32:21 GMT" time="47.757" errors="0">
  <testcase name="switch_windows" time="47.757" classname="practiceSwitchWindows.Switch_Windows"/>
</testsuite> <!-- practiceSwitchWindows.Switch_Windows -->
