<?xml version="1.0" encoding="UTF-8"?>
<!-- Generated by org.testng.reporters.JUnitReportReporter -->
<testsuite hostname="LAPTOP-0UFO5ORC" name="AdvancedWebdriver.Mouseover" tests="1" failures="0" timestamp="2 Apr 2020 18:24:17 GMT" time="4.978" errors="0">
  <testcase name="f" time="4.978" classname="AdvancedWebdriver.Mouseover"/>
</testsuite> <!-- AdvancedWebdriver.Mouseover -->
