<?xml version="1.0" encoding="UTF-8"?>
<!-- Generated by org.testng.reporters.JUnitReportReporter -->
<testsuite hostname="LAPTOP-0UFO5ORC" name="selectable.selectable" tests="1" failures="0" timestamp="4 Apr 2020 16:40:27 GMT" time="8.715" errors="0">
  <testcase name="Selectable" time="8.715" classname="selectable.selectable"/>
</testsuite> <!-- selectable.selectable -->
