<?xml version="1.0" encoding="UTF-8"?>
<!-- Generated by org.testng.reporters.JUnitReportReporter -->
<testsuite hostname="LAPTOP-0UFO5ORC" name="tooltip_double_click.double_click_and_right_click" tests="1" failures="0" timestamp="6 Apr 2020 19:08:15 GMT" time="35.625" errors="0">
  <testcase name="right_click" time="35.625" classname="tooltip_double_click.double_click_and_right_click"/>
</testsuite> <!-- tooltip_double_click.double_click_and_right_click -->
