<?xml version="1.0" encoding="UTF-8"?>
<!-- Generated by org.testng.reporters.JUnitReportReporter -->
<testsuite hostname="LAPTOP-0UFO5ORC" name="keybord_event.keyboed_evwnt_sample_form" tests="1" failures="0" timestamp="5 Apr 2020 21:52:37 GMT" time="14.342" errors="0">
  <testcase name="Keybord_Action" time="14.342" classname="keybord_event.keyboed_evwnt_sample_form"/>
</testsuite> <!-- keybord_event.keyboed_evwnt_sample_form -->
