<?xml version="1.0" encoding="UTF-8"?>
<!-- Generated by org.testng.reporters.JUnitReportReporter -->
<testsuite hostname="LAPTOP-0UFO5ORC" name="prectice.pagesource" tests="1" failures="0" timestamp="9 Apr 2020 18:28:52 GMT" time="56.773" errors="0">
  <testcase name="f1" time="56.773" classname="prectice.pagesource"/>
</testsuite> <!-- prectice.pagesource -->
