<?xml version="1.0" encoding="UTF-8"?>
<!-- Generated by org.testng.reporters.JUnitReportReporter -->
<testsuite hostname="LAPTOP-0UFO5ORC" name="ddfw.Inputstream" tests="1" failures="0" timestamp="2 Apr 2020 20:10:11 GMT" time="20.362" errors="0">
  <testcase name="f" time="20.362" classname="ddfw.Inputstream"/>
</testsuite> <!-- ddfw.Inputstream -->
