<?xml version="1.0" encoding="UTF-8"?>
<!-- Generated by org.testng.reporters.JUnitReportReporter -->
<testsuite hostname="LAPTOP-0UFO5ORC" name="dropdown_list.dropdown_list" tests="1" failures="0" timestamp="6 Apr 2020 20:07:37 GMT" time="25.747" errors="0">
  <testcase name="dropdownlist" time="25.747" classname="dropdown_list.dropdown_list"/>
</testsuite> <!-- dropdown_list.dropdown_list -->
