<?xml version="1.0" encoding="UTF-8"?>
<!-- Generated by org.testng.reporters.JUnitReportReporter -->
<testsuite hostname="LAPTOP-0UFO5ORC" name="automation_practice_switch_windows.automation_practice_switch_windows" tests="1" failures="0" timestamp="4 Apr 2020 18:08:06 GMT" time="0.634" errors="0">
  <testcase name="new_brower_windows" time="0.634" classname="automation_practice_switch_windows.automation_practice_switch_windows"/>
</testsuite> <!-- automation_practice_switch_windows.automation_practice_switch_windows -->
